<?xml version="1.0" encoding="UTF-8"?>
<!-- Generated by org.testng.reporters.JUnitXMLReporter -->
<testsuite ignored="2" hostname="NODHRSPW0CFCSS" failures="0" tests="5" name="Test" time="10.069" errors="0" timestamp="11 Apr 2025 08:41:51 GMT">
  <testcase classname="swaglab_test.LoginTest" name="LoginSuccessTest" time="5.183"/>
  <testcase classname="testng.AnnotationsExample" name="test1" time="0.001"/>
  <testcase classname="testng.AnnotationsExample" name="test2" time="0.002"/>
  <testcase classname="testng.AnnotationsExample2" name="test3" time="0.001"/>
  <testcase classname="swaglab_test.LoginTest" name="LoginFailiureTest" time="4.851"/>
  <testcase classname="testng.BaseClass" name="@BeforeTest method3" time="0.0">
    <ignored/>
  </testcase> <!-- @BeforeTest method3 -->
  <testcase classname="testng.BaseClass" name="@AfterTest method4" time="0.0">
    <ignored/>
  </testcase> <!-- @AfterTest method4 -->
</testsuite> <!-- Test -->
