<?xml version="1.0" encoding="UTF-8"?>
<!-- Generated by org.testng.reporters.JUnitXMLReporter -->
<testsuite ignored="2" hostname="NODHRSPW0CFCSS" failures="0" tests="2" name="SmokeTest" time="0.033" errors="0" timestamp="11 Apr 2025 09:26:52 GMT">
  <testcase classname="testng.AnnotationsExample" name="test1" time="0.007"/>
  <testcase classname="testng.AnnotationsExample2" name="test3" time="0.001"/>
  <testcase classname="testng.AnnotationsExample2" name="test4" time="0.0">
    <ignored/>
  </testcase> <!-- test4 -->
  <testcase classname="testng.AnnotationsExample" name="test2" time="0.0">
    <ignored/>
  </testcase> <!-- test2 -->
</testsuite> <!-- SmokeTest -->
