<?xml version="1.0" encoding="UTF-8"?>
<testng-results ignored="0" total="1" passed="1" failed="0" skipped="0">
  <reporter-output>
  </reporter-output>
  <suite started-at="2025-04-12T13:17:45Z" name="Default suite" finished-at="2025-04-12T13:17:53Z" duration-ms="8112">
    <groups>
    </groups>
    <test started-at="2025-04-12T13:17:45Z" name="Default test" finished-at="2025-04-12T13:17:53Z" duration-ms="8112">
      <class name="swaglab_test.ProductsTest">
        <test-method is-config="true" signature="SetUp()[pri:0, instance:swaglab_test.ProductsTest@7dc19a70]" started-at="2025-04-12T13:17:45Z" name="SetUp" finished-at="2025-04-12T13:17:52Z" duration-ms="7308" status="PASS">
          <reporter-output>
          </reporter-output>
        </test-method> <!-- SetUp -->
        <test-method signature="AddToCartTest()[pri:0, instance:swaglab_test.ProductsTest@7dc19a70]" started-at="2025-04-12T13:17:52Z" name="AddToCartTest" finished-at="2025-04-12T13:17:53Z" duration-ms="777" status="PASS">
          <reporter-output>
          </reporter-output>
        </test-method> <!-- AddToCartTest -->
      </class> <!-- swaglab_test.ProductsTest -->
    </test> <!-- Default test -->
  </suite> <!-- Default suite -->
</testng-results>
