<?xml version="1.0" encoding="UTF-8"?>
<testng-results ignored="4" total="5" passed="1" failed="0" skipped="0">
  <reporter-output>
  </reporter-output>
  <suite started-at="2025-04-13T17:07:26Z" name="Default suite" finished-at="2025-04-13T17:07:34Z" duration-ms="7732">
    <groups>
    </groups>
    <test started-at="2025-04-13T17:07:26Z" name="Default test" finished-at="2025-04-13T17:07:34Z" duration-ms="7732">
      <class name="swaglab_test.LoginTest">
        <test-method is-config="true" signature="SetUpExcel()[pri:0, instance:swaglab_test.LoginTest@642a7222]" started-at="2025-04-13T17:07:26Z" name="SetUpExcel" finished-at="2025-04-13T17:07:27Z" duration-ms="620" status="PASS">
          <reporter-output>
          </reporter-output>
        </test-method> <!-- SetUpExcel -->
        <test-method is-config="true" signature="SetUp()[pri:0, instance:swaglab_test.LoginTest@642a7222]" started-at="2025-04-13T17:07:27Z" name="SetUp" finished-at="2025-04-13T17:07:33Z" duration-ms="6229" status="PASS">
          <reporter-output>
          </reporter-output>
        </test-method> <!-- SetUp -->
        <test-method signature="LoginFailureTestFromProperties()[pri:0, instance:swaglab_test.LoginTest@642a7222]" started-at="2025-04-13T17:07:33Z" name="LoginFailureTestFromProperties" finished-at="2025-04-13T17:07:33Z" duration-ms="398" status="PASS">
          <reporter-output>
          </reporter-output>
        </test-method> <!-- LoginFailureTestFromProperties -->
        <test-method is-config="true" signature="TearDown()[pri:0, instance:swaglab_test.LoginTest@642a7222]" started-at="2025-04-13T17:07:33Z" name="TearDown" finished-at="2025-04-13T17:07:34Z" duration-ms="462" status="PASS">
          <reporter-output>
          </reporter-output>
        </test-method> <!-- TearDown -->
        <test-method is-config="true" signature="CloseExcel()[pri:0, instance:swaglab_test.LoginTest@642a7222]" started-at="2025-04-13T17:07:34Z" name="CloseExcel" finished-at="2025-04-13T17:07:34Z" duration-ms="1" status="PASS">
          <reporter-output>
          </reporter-output>
        </test-method> <!-- CloseExcel -->
      </class> <!-- swaglab_test.LoginTest -->
    </test> <!-- Default test -->
  </suite> <!-- Default suite -->
</testng-results>
