<?xml version="1.0" encoding="UTF-8"?>
<!-- Generated by org.testng.reporters.JUnitXMLReporter -->
<testsuite ignored="4" hostname="NODHRSPW0CFCSS" failures="0" tests="1" name="Default test" time="7.732" errors="0" timestamp="13 Apr 2025 17:07:34 GMT">
  <testcase classname="swaglab_test.LoginTest" name="LoginFailureTestFromProperties" time="0.398"/>
  <testcase classname="swaglab_test.LoginTest" name="LoginFailureTestFromExcel" time="0.0">
    <ignored/>
  </testcase> <!-- LoginFailureTestFromExcel -->
  <testcase classname="swaglab_test.LoginTest" name="LockedUserLoginFailureTest" time="0.0">
    <ignored/>
  </testcase> <!-- LockedUserLoginFailureTest -->
  <testcase classname="swaglab_test.LoginTest" name="LoginSuccessTest" time="0.0">
    <ignored/>
  </testcase> <!-- LoginSuccessTest -->
  <testcase classname="swaglab_test.LoginTest" name="LoginFailureTest" time="0.0">
    <ignored/>
  </testcase> <!-- LoginFailureTest -->
</testsuite> <!-- Default test -->
