<?xml version="1.0" encoding="UTF-8"?>
<testng-results ignored="0" total="2" passed="2" failed="0" skipped="0">
  <reporter-output>
  </reporter-output>
  <suite started-at="2025-04-05T20:20:26 IST" name="Default suite" finished-at="2025-04-05T20:20:26 IST" duration-ms="73">
    <groups>
    </groups>
    <test started-at="2025-04-05T20:20:26 IST" name="Default test" finished-at="2025-04-05T20:20:26 IST" duration-ms="73">
      <class name="testng.AnnotationsExample">
        <test-method signature="test1()[pri:0, instance:testng.AnnotationsExample@6f03482]" started-at="2025-04-05T20:20:26 IST" name="test1" finished-at="2025-04-05T20:20:26 IST" duration-ms="12" status="PASS">
          <reporter-output>
          </reporter-output>
        </test-method> <!-- test1 -->
        <test-method signature="test2()[pri:0, instance:testng.AnnotationsExample@6f03482]" started-at="2025-04-05T20:20:26 IST" name="test2" finished-at="2025-04-05T20:20:26 IST" duration-ms="4" status="PASS">
          <reporter-output>
          </reporter-output>
        </test-method> <!-- test2 -->
      </class> <!-- testng.AnnotationsExample -->
    </test> <!-- Default test -->
  </suite> <!-- Default suite -->
</testng-results>
